Performing C SOURCE FILE Test CMAKE_HAVE_LIBC_PTHREAD failed with the following output:
Change Dir: /home/david/webots/synthetic_data/controllers/camera_controller/build/catkin_tools_prebuild/CMakeFiles/CMakeTmp

Run Build Command(s):/usr/bin/make cmTC_ed075/fast && /usr/bin/make -f CMakeFiles/cmTC_ed075.dir/build.make CMakeFiles/cmTC_ed075.dir/build
make[1]: Entering directory '/home/david/webots/synthetic_data/controllers/camera_controller/build/catkin_tools_prebuild/CMakeFiles/CMakeTmp'
Building C object CMakeFiles/cmTC_ed075.dir/src.c.o
/usr/bin/cc   -DCMAKE_HAVE_LIBC_PTHREAD   -o CMakeFiles/cmTC_ed075.dir/src.c.o   -c /home/david/webots/synthetic_data/controllers/camera_controller/build/catkin_tools_prebuild/CMakeFiles/CMakeTmp/src.c
Linking C executable cmTC_ed075
/usr/bin/cmake -E cmake_link_script CMakeFiles/cmTC_ed075.dir/link.txt --verbose=1
/usr/bin/cc  -DCMAKE_HAVE_LIBC_PTHREAD    -rdynamic CMakeFiles/cmTC_ed075.dir/src.c.o  -o cmTC_ed075 
CMakeFiles/cmTC_ed075.dir/src.c.o: In function `main':
src.c:(.text+0x3e): undefined reference to `pthread_create'
src.c:(.text+0x4a): undefined reference to `pthread_detach'
src.c:(.text+0x5b): undefined reference to `pthread_join'
src.c:(.text+0x6f): undefined reference to `pthread_atfork'
collect2: error: ld returned 1 exit status
CMakeFiles/cmTC_ed075.dir/build.make:86: recipe for target 'cmTC_ed075' failed
make[1]: *** [cmTC_ed075] Error 1
make[1]: Leaving directory '/home/david/webots/synthetic_data/controllers/camera_controller/build/catkin_tools_prebuild/CMakeFiles/CMakeTmp'
Makefile:121: recipe for target 'cmTC_ed075/fast' failed
make: *** [cmTC_ed075/fast] Error 2


Source file was:
#include <pthread.h>

void* test_func(void* data)
{
  return data;
}

int main(void)
{
  pthread_t thread;
  pthread_create(&thread, NULL, test_func, NULL);
  pthread_detach(thread);
  pthread_join(thread, NULL);
  pthread_atfork(NULL, NULL, NULL);
  pthread_exit(NULL);

  return 0;
}

Determining if the function pthread_create exists in the pthreads failed with the following output:
Change Dir: /home/david/webots/synthetic_data/controllers/camera_controller/build/catkin_tools_prebuild/CMakeFiles/CMakeTmp

Run Build Command(s):/usr/bin/make cmTC_53d47/fast && /usr/bin/make -f CMakeFiles/cmTC_53d47.dir/build.make CMakeFiles/cmTC_53d47.dir/build
make[1]: Entering directory '/home/david/webots/synthetic_data/controllers/camera_controller/build/catkin_tools_prebuild/CMakeFiles/CMakeTmp'
Building C object CMakeFiles/cmTC_53d47.dir/CheckFunctionExists.c.o
/usr/bin/cc   -DCHECK_FUNCTION_EXISTS=pthread_create   -o CMakeFiles/cmTC_53d47.dir/CheckFunctionExists.c.o   -c /usr/share/cmake-3.15/Modules/CheckFunctionExists.c
Linking C executable cmTC_53d47
/usr/bin/cmake -E cmake_link_script CMakeFiles/cmTC_53d47.dir/link.txt --verbose=1
/usr/bin/cc  -DCHECK_FUNCTION_EXISTS=pthread_create    -rdynamic CMakeFiles/cmTC_53d47.dir/CheckFunctionExists.c.o  -o cmTC_53d47 -lpthreads 
/usr/bin/ld: cannot find -lpthreads
collect2: error: ld returned 1 exit status
CMakeFiles/cmTC_53d47.dir/build.make:86: recipe for target 'cmTC_53d47' failed
make[1]: *** [cmTC_53d47] Error 1
make[1]: Leaving directory '/home/david/webots/synthetic_data/controllers/camera_controller/build/catkin_tools_prebuild/CMakeFiles/CMakeTmp'
Makefile:121: recipe for target 'cmTC_53d47/fast' failed
make: *** [cmTC_53d47/fast] Error 2



